2025-01-30 22:07:55,056 - INFO - Redirecionando... URL atual: https://login.microsoftonline.com/common/oauth2/v2.0/authorize?scope=service::account.microsoft.com::MBI_SSL+openid+profile+offline_access&response_type=code&client_id=81feaced-5ddd-41e7-8bef-3e20a2689bb7&redirect_uri=https:%2F%2Faccount.microsoft.com%2Fauth%2Fcomplete-signin-oauth&client-request-id=948c3183-7a81-4bd3-b9c8-e19bdc62afe0&x-client-SKU=MSAL.Desktop&x-client-Ver=4.61.3.0&x-client-OS=Windows+Server+2019+Datacenter&prompt=login&client_info=1&state=H4sIAAAAAAAEAAXByYJDMAAA0H_p1UEqCIcebC2aYVBVbkSj0aGWWr9-3jsogD9-X7S8rinTN6_HXfmG4kJ9LFg91PyeOFq5M_2I8aXD8LrXF-JG73YkWpVNc8Re6Bxmfp-2pFky4tmLoEGmv1A23fBwvNdVZ0UDUlWlsFErlVK-NxJ6yHAYFdX_dQRgpK1qPmVQNRda_MRdzqptv7IJxkaaPD9jsybWmfHkrSaUu4BOj9xwpqOAiTXXak37LWNaXXA5_oM3V0QTJ9hCHCufs-fIaeHm2AhgUirwtyB8kkgxAJkv2uEnEMXHfVudiEd6GbY0xM9M6kmp28PkGDOzlBTLN8EIJzBf0_1r2lzQcK7wydqVPiAwEd2coAokz-S0oz8xRVdFo5MHtJxOh3_OLbjqWgEAAA&msaoauth2=true&lc=1046&sso_reload=true
2025-01-30 22:07:57,061 - INFO - Redirecionando... URL atual: https://login.microsoftonline.com/common/oauth2/v2.0/authorize?scope=service::account.microsoft.com::MBI_SSL+openid+profile+offline_access&response_type=code&client_id=81feaced-5ddd-41e7-8bef-3e20a2689bb7&redirect_uri=https:%2F%2Faccount.microsoft.com%2Fauth%2Fcomplete-signin-oauth&client-request-id=948c3183-7a81-4bd3-b9c8-e19bdc62afe0&x-client-SKU=MSAL.Desktop&x-client-Ver=4.61.3.0&x-client-OS=Windows+Server+2019+Datacenter&prompt=login&client_info=1&state=H4sIAAAAAAAEAAXByYJDMAAA0H_p1UEqCIcebC2aYVBVbkSj0aGWWr9-3jsogD9-X7S8rinTN6_HXfmG4kJ9LFg91PyeOFq5M_2I8aXD8LrXF-JG73YkWpVNc8Re6Bxmfp-2pFky4tmLoEGmv1A23fBwvNdVZ0UDUlWlsFErlVK-NxJ6yHAYFdX_dQRgpK1qPmVQNRda_MRdzqptv7IJxkaaPD9jsybWmfHkrSaUu4BOj9xwpqOAiTXXak37LWNaXXA5_oM3V0QTJ9hCHCufs-fIaeHm2AhgUirwtyB8kkgxAJkv2uEnEMXHfVudiEd6GbY0xM9M6kmp28PkGDOzlBTLN8EIJzBf0_1r2lzQcK7wydqVPiAwEd2coAokz-S0oz8xRVdFo5MHtJxOh3_OLbjqWgEAAA&msaoauth2=true&lc=1046&sso_reload=true
2025-01-30 22:07:59,066 - INFO - Redirecionando... URL atual: https://login.microsoftonline.com/common/oauth2/v2.0/authorize?scope=service::account.microsoft.com::MBI_SSL+openid+profile+offline_access&response_type=code&client_id=81feaced-5ddd-41e7-8bef-3e20a2689bb7&redirect_uri=https:%2F%2Faccount.microsoft.com%2Fauth%2Fcomplete-signin-oauth&client-request-id=948c3183-7a81-4bd3-b9c8-e19bdc62afe0&x-client-SKU=MSAL.Desktop&x-client-Ver=4.61.3.0&x-client-OS=Windows+Server+2019+Datacenter&prompt=login&client_info=1&state=H4sIAAAAAAAEAAXByYJDMAAA0H_p1UEqCIcebC2aYVBVbkSj0aGWWr9-3jsogD9-X7S8rinTN6_HXfmG4kJ9LFg91PyeOFq5M_2I8aXD8LrXF-JG73YkWpVNc8Re6Bxmfp-2pFky4tmLoEGmv1A23fBwvNdVZ0UDUlWlsFErlVK-NxJ6yHAYFdX_dQRgpK1qPmVQNRda_MRdzqptv7IJxkaaPD9jsybWmfHkrSaUu4BOj9xwpqOAiTXXak37LWNaXXA5_oM3V0QTJ9hCHCufs-fIaeHm2AhgUirwtyB8kkgxAJkv2uEnEMXHfVudiEd6GbY0xM9M6kmp28PkGDOzlBTLN8EIJzBf0_1r2lzQcK7wydqVPiAwEd2coAokz-S0oz8xRVdFo5MHtJxOh3_OLbjqWgEAAA&msaoauth2=true&lc=1046&sso_reload=true
2025-01-30 22:08:01,069 - INFO - Redirecionando... URL atual: https://login.microsoftonline.com/common/oauth2/v2.0/authorize?scope=service::account.microsoft.com::MBI_SSL+openid+profile+offline_access&response_type=code&client_id=81feaced-5ddd-41e7-8bef-3e20a2689bb7&redirect_uri=https:%2F%2Faccount.microsoft.com%2Fauth%2Fcomplete-signin-oauth&client-request-id=948c3183-7a81-4bd3-b9c8-e19bdc62afe0&x-client-SKU=MSAL.Desktop&x-client-Ver=4.61.3.0&x-client-OS=Windows+Server+2019+Datacenter&prompt=login&client_info=1&state=H4sIAAAAAAAEAAXByYJDMAAA0H_p1UEqCIcebC2aYVBVbkSj0aGWWr9-3jsogD9-X7S8rinTN6_HXfmG4kJ9LFg91PyeOFq5M_2I8aXD8LrXF-JG73YkWpVNc8Re6Bxmfp-2pFky4tmLoEGmv1A23fBwvNdVZ0UDUlWlsFErlVK-NxJ6yHAYFdX_dQRgpK1qPmVQNRda_MRdzqptv7IJxkaaPD9jsybWmfHkrSaUu4BOj9xwpqOAiTXXak37LWNaXXA5_oM3V0QTJ9hCHCufs-fIaeHm2AhgUirwtyB8kkgxAJkv2uEnEMXHfVudiEd6GbY0xM9M6kmp28PkGDOzlBTLN8EIJzBf0_1r2lzQcK7wydqVPiAwEd2coAokz-S0oz8xRVdFo5MHtJxOh3_OLbjqWgEAAA&msaoauth2=true&lc=1046&sso_reload=true
2025-01-30 22:08:03,073 - INFO - Redirecionando... URL atual: https://github.com/login?allow_signup=false&client_id=e37ffdec11c0245cb2e0&return_to=%2Flogin%2Foauth%2Fauthorize%3Fclient_id%3De37ffdec11c0245cb2e0%26redirect_uri%3Dhttps%253A%252F%252Flogin.live.com%252FHandleGithubResponse.srf%26response_type%3Dcode%26scope%3Dread%253Auser%2B%2Buser%253Aemail%26state%3DE15E6F5FA855D6A6
2025-01-30 22:08:05,119 - INFO - Redirecionando... URL atual: https://login.microsoftonline.com/common/oauth2/v2.0/authorize?scope=service::account.microsoft.com::MBI_SSL+openid+profile+offline_access&response_type=code&client_id=81feaced-5ddd-41e7-8bef-3e20a2689bb7&redirect_uri=https:%2F%2Faccount.microsoft.com%2Fauth%2Fcomplete-signin-oauth&client-request-id=948c3183-7a81-4bd3-b9c8-e19bdc62afe0&x-client-SKU=MSAL.Desktop&x-client-Ver=4.61.3.0&x-client-OS=Windows+Server+2019+Datacenter&prompt=login&client_info=1&state=H4sIAAAAAAAEAAXByYJDMAAA0H_p1UEqCIcebC2aYVBVbkSj0aGWWr9-3jsogD9-X7S8rinTN6_HXfmG4kJ9LFg91PyeOFq5M_2I8aXD8LrXF-JG73YkWpVNc8Re6Bxmfp-2pFky4tmLoEGmv1A23fBwvNdVZ0UDUlWlsFErlVK-NxJ6yHAYFdX_dQRgpK1qPmVQNRda_MRdzqptv7IJxkaaPD9jsybWmfHkrSaUu4BOj9xwpqOAiTXXak37LWNaXXA5_oM3V0QTJ9hCHCufs-fIaeHm2AhgUirwtyB8kkgxAJkv2uEnEMXHfVudiEd6GbY0xM9M6kmp28PkGDOzlBTLN8EIJzBf0_1r2lzQcK7wydqVPiAwEd2coAokz-S0oz8xRVdFo5MHtJxOh3_OLbjqWgEAAA&msaoauth2=true&lc=1046&sso_reload=true
2025-01-30 22:08:07,124 - INFO - Redirecionando... URL atual: https://login.microsoftonline.com/common/oauth2/v2.0/authorize?scope=service::account.microsoft.com::MBI_SSL+openid+profile+offline_access&response_type=code&client_id=81feaced-5ddd-41e7-8bef-3e20a2689bb7&redirect_uri=https:%2F%2Faccount.microsoft.com%2Fauth%2Fcomplete-signin-oauth&client-request-id=948c3183-7a81-4bd3-b9c8-e19bdc62afe0&x-client-SKU=MSAL.Desktop&x-client-Ver=4.61.3.0&x-client-OS=Windows+Server+2019+Datacenter&prompt=login&client_info=1&state=H4sIAAAAAAAEAAXByYJDMAAA0H_p1UEqCIcebC2aYVBVbkSj0aGWWr9-3jsogD9-X7S8rinTN6_HXfmG4kJ9LFg91PyeOFq5M_2I8aXD8LrXF-JG73YkWpVNc8Re6Bxmfp-2pFky4tmLoEGmv1A23fBwvNdVZ0UDUlWlsFErlVK-NxJ6yHAYFdX_dQRgpK1qPmVQNRda_MRdzqptv7IJxkaaPD9jsybWmfHkrSaUu4BOj9xwpqOAiTXXak37LWNaXXA5_oM3V0QTJ9hCHCufs-fIaeHm2AhgUirwtyB8kkgxAJkv2uEnEMXHfVudiEd6GbY0xM9M6kmp28PkGDOzlBTLN8EIJzBf0_1r2lzQcK7wydqVPiAwEd2coAokz-S0oz8xRVdFo5MHtJxOh3_OLbjqWgEAAA&msaoauth2=true&lc=1046&sso_reload=true
2025-01-30 22:08:09,129 - INFO - Redirecionando... URL atual: https://login.microsoft.com/common/fido/get?uiflavor=Host
2025-01-30 22:08:11,133 - INFO - Redirecionando... URL atual: https://login.microsoft.com/common/fido/get?uiflavor=Host
2025-01-30 22:08:13,430 - INFO - Redirecionando... URL atual: https://login.live.com/ppsecure/post.srf?client_id=81feaced-5ddd-41e7-8bef-3e20a2689bb7&uaid=948c31837a814bd3b9c8e19bdc62afe0&pid=15216&opid=42B79B44A9E285FC&route=C523_BL2
2025-01-30 22:08:16,186 - INFO - Aguardando autenticação...
2025-01-30 22:08:20,506 - INFO - URL válida encontrada: https://account.microsoft.com/billing/redeem?refd=account.microsoft.com
2025-01-30 22:08:22,550 - INFO - Frame com input encontrado
2025-01-30 22:08:22,550 - INFO - Tentando selector: input[type='text']
2025-01-30 22:08:22,805 - INFO - Código inserido com sucesso
2025-01-30 22:08:26,574 - WARNING - Retrying (Retry(total=2, connect=None, read=None, redirect=None, status=None)) after connection broken by 'ConnectionResetError(10054, 'An existing connection was forcibly closed by the remote host', None, 10054, None)': /session/5c81a1338ccc003a3c8c320a4a969816
2025-01-30 22:11:06,009 - INFO - Aguardando autenticação...
2025-01-30 22:11:11,131 - INFO - URL válida encontrada: https://account.microsoft.com/billing/redeem?refd=account.microsoft.com
2025-01-30 22:11:13,173 - INFO - Frame com input encontrado
2025-01-30 22:11:13,174 - INFO - Tentando selector: input[type='text']
2025-01-30 22:11:13,444 - INFO - Código inserido com sucesso
2025-01-30 22:11:19,402 - INFO - URL válida encontrada: https://account.microsoft.com/billing/redeem
2025-01-30 22:11:21,439 - INFO - Frame com input encontrado
2025-01-30 22:11:21,439 - INFO - Tentando selector: input[type='text']
2025-01-30 22:11:21,733 - INFO - Código inserido com sucesso
2025-01-30 22:11:27,116 - INFO - URL válida encontrada: https://account.microsoft.com/billing/redeem
2025-01-30 22:11:29,148 - INFO - Frame com input encontrado
2025-01-30 22:11:29,148 - INFO - Tentando selector: input[type='text']
2025-01-30 22:11:29,364 - INFO - Código inserido com sucesso
2025-01-30 22:11:34,533 - INFO - URL válida encontrada: https://account.microsoft.com/billing/redeem
2025-01-30 22:11:36,575 - INFO - Frame com input encontrado
2025-01-30 22:11:36,575 - INFO - Tentando selector: input[type='text']
2025-01-30 22:11:36,808 - INFO - Código inserido com sucesso
